2025-10-21T02:54:45.431Z [INFO]: Request: GET /api/welcome
2025-10-21T02:54:45.436Z [INFO]: Welcome endpoint accessed: GET /welcome
2025-10-21T02:56:37.783Z [INFO]: Request: GET /dashboard/pasajero.html
2025-10-21T02:56:37.851Z [INFO]: Request: GET /style/style.css
2025-10-21T02:56:37.856Z [INFO]: Request: GET /style/dashboard.css
2025-10-21T02:56:37.897Z [INFO]: Request: GET /style/image/via.jpg
2025-10-21T02:56:38.029Z [INFO]: Request: GET /style/image/cosa.jpg
2025-10-21T02:56:38.077Z [INFO]: Request: GET /script/dashboard.js
2025-10-21T02:56:38.080Z [INFO]: Request: GET /script/pasajero-dashboard.js
2025-10-21T02:59:48.321Z [INFO]: Request: GET /dashboard/pasajero.html
2025-10-21T02:59:48.388Z [INFO]: Request: GET /style/style.css
2025-10-21T02:59:48.412Z [INFO]: Request: GET /style/dashboard.css
2025-10-21T02:59:48.415Z [INFO]: Request: GET /style/image/via.jpg
2025-10-21T02:59:48.420Z [INFO]: Request: GET /style/image/cosa.jpg
2025-10-21T02:59:48.421Z [INFO]: Request: GET /script/dashboard.js
2025-10-21T02:59:48.425Z [INFO]: Request: GET /script/pasajero-dashboard.js
2025-10-21T03:01:55.325Z [INFO]: Request: GET /dashboard/pasajero.html
2025-10-21T03:01:55.371Z [INFO]: Request: GET /style/style.css
2025-10-21T03:01:55.422Z [INFO]: Request: GET /style/dashboard.css
2025-10-21T03:01:55.490Z [INFO]: Request: GET /style/image/cosa.jpg
2025-10-21T03:01:55.577Z [INFO]: Request: GET /style/image/via.jpg
2025-10-21T03:01:55.589Z [INFO]: Request: GET /script/dashboard.js
2025-10-21T03:01:55.592Z [INFO]: Request: GET /script/pasajero-dashboard.js
2025-10-21T03:03:26.376Z [INFO]: Request: GET /api/viajes
2025-10-21T03:05:29.187Z [INFO]: Request: GET /dashboard/pasajero.html
2025-10-21T03:05:29.236Z [INFO]: Request: GET /style/style.css
2025-10-21T03:05:29.239Z [INFO]: Request: GET /style/dashboard.css
2025-10-21T03:05:29.252Z [INFO]: Request: GET /style/image/via.jpg
2025-10-21T03:05:29.256Z [INFO]: Request: GET /style/image/cosa.jpg
2025-10-21T03:05:29.274Z [INFO]: Request: GET /script/dashboard.js
2025-10-21T03:05:29.278Z [INFO]: Request: GET /script/pasajero-dashboard.js
2025-10-21T03:09:15.658Z [INFO]: Request: GET /api/viajes
2025-10-21T03:09:27.395Z [INFO]: Request: GET /api/welcome
2025-10-21T03:09:27.396Z [INFO]: Welcome endpoint accessed: GET /welcome
2025-10-21T03:10:52.126Z [INFO]: Request: GET /api/viajes
2025-10-21T03:10:59.592Z [INFO]: Request: GET /api/viajes
2025-10-21T03:11:27.599Z [INFO]: Request: GET /api/viajes
2025-10-21T03:11:48.468Z [INFO]: Request: GET /dashboard/pasajero.html
2025-10-21T03:11:48.550Z [INFO]: Request: GET /style/style.css
2025-10-21T03:11:48.562Z [INFO]: Request: GET /style/dashboard.css
2025-10-21T03:11:48.572Z [INFO]: Request: GET /style/image/via.jpg
2025-10-21T03:11:48.582Z [INFO]: Request: GET /style/image/cosa.jpg
2025-10-21T03:11:48.584Z [INFO]: Request: GET /script/dashboard.js
2025-10-21T03:11:48.647Z [INFO]: Request: GET /script/pasajero-dashboard.js
2025-10-21T03:13:47.853Z [INFO]: Request: GET /dashboard/pasajero.html
2025-10-21T03:13:47.908Z [INFO]: Request: GET /style/style.css
2025-10-21T03:13:47.917Z [INFO]: Request: GET /style/dashboard.css
2025-10-21T03:13:47.919Z [INFO]: Request: GET /style/image/via.jpg
2025-10-21T03:13:47.954Z [INFO]: Request: GET /style/image/cosa.jpg
2025-10-21T03:13:47.965Z [INFO]: Request: GET /script/dashboard.js
2025-10-21T03:13:47.968Z [INFO]: Request: GET /script/pasajero-dashboard.js
